SF:lib/data/datasources/remote/video_remote_data_source.dart
DA:11,1
DA:15,1
DA:17,2
DA:18,1
DA:19,4
DA:22,0
DA:24,0
DA:25,0
LF:8
LH:5
end_of_record
SF:lib/data/repositories/video_repository_impl.dart
DA:8,2
DA:9,1
DA:10,1
DA:11,1
DA:12,1
DA:13,1
DA:14,1
DA:15,1
DA:16,2
DA:17,1
DA:22,1
DA:26,1
DA:29,2
DA:30,4
DA:32,0
DA:36,0
DA:39,0
DA:40,0
DA:42,0
LF:19
LH:14
end_of_record
SF:lib/app/config/env.dart
DA:3,0
DA:4,0
LF:2
LH:0
end_of_record
SF:lib/app/config/providers.dart
DA:13,0
DA:14,0
DA:15,0
DA:16,0
DA:24,0
DA:25,0
DA:26,0
DA:29,3
DA:31,0
DA:34,0
DA:35,0
LF:11
LH:1
end_of_record
SF:lib/data/repositories/video_repository_fake.dart
DA:7,0
DA:8,0
DA:47,0
DA:49,0
DA:50,0
DA:53,0
DA:55,0
DA:57,0
DA:58,0
DA:59,0
DA:62,0
DA:63,0
DA:64,0
DA:65,0
DA:68,0
LF:15
LH:0
end_of_record
SF:lib/data/models/video_dto.dart
DA:20,4
LF:1
LH:1
end_of_record
SF:lib/data/models/video_dto.g.dart
DA:9,4
DA:10,2
DA:11,2
DA:12,2
DA:13,2
DA:14,4
DA:15,4
DA:16,4
DA:17,4
DA:18,2
DA:21,2
DA:22,1
DA:23,1
DA:24,1
DA:25,1
DA:26,1
DA:27,1
DA:28,1
DA:29,1
DA:30,1
LF:20
LH:20
end_of_record
SF:lib/domain/entities/video.dart
DA:20,0
LF:1
LH:0
end_of_record
SF:lib/domain/entities/video.g.dart
DA:9,0
DA:10,0
DA:11,0
DA:12,0
DA:13,0
DA:14,0
DA:15,0
DA:16,0
DA:17,0
DA:18,0
DA:21,0
DA:22,0
DA:23,0
DA:24,0
DA:25,0
DA:26,0
DA:27,0
DA:28,0
DA:29,0
DA:30,0
LF:20
LH:0
end_of_record
SF:lib/domain/exceptions/app_exception.dart
DA:2,0
DA:7,0
DA:8,0
LF:3
LH:0
end_of_record
SF:lib/ui/features/home/home_controller.dart
DA:8,4
DA:9,2
DA:10,2
DA:14,4
DA:18,2
DA:19,8
DA:21,4
DA:22,8
DA:23,0
DA:24,0
DA:31,1
DA:32,2
DA:33,1
DA:34,4
DA:35,2
DA:36,1
DA:37,3
DA:41,1
DA:42,4
DA:45,3
DA:46,8
DA:47,4
DA:48,0
DA:49,0
DA:50,0
DA:51,0
DA:53,0
DA:54,0
LF:28
LH:20
end_of_record
SF:lib/ui/features/video/video_screen.dart
DA:8,1
DA:17,1
DA:18,1
DA:25,1
DA:27,1
DA:29,1
DA:30,1
DA:31,4
DA:33,2
DA:34,0
DA:35,0
DA:37,0
DA:41,1
DA:43,2
DA:44,1
DA:47,1
DA:49,1
DA:50,1
DA:51,4
DA:53,1
DA:54,1
DA:55,0
DA:56,0
DA:57,0
DA:59,0
DA:60,0
DA:61,0
DA:62,0
DA:63,0
DA:76,0
DA:80,0
DA:82,0
DA:83,0
DA:84,0
DA:86,0
DA:87,0
LF:36
LH:18
end_of_record
SF:lib/ui/features/home/home_screen.dart
DA:9,1
DA:13,1
DA:15,2
DA:16,3
DA:18,1
DA:19,1
DA:22,1
DA:23,1
DA:24,1
DA:25,1
DA:26,3
DA:29,1
DA:30,0
DA:31,0
DA:32,0
DA:33,0
DA:35,0
DA:39,1
DA:40,2
DA:41,0
DA:42,0
DA:43,0
DA:45,0
DA:47,0
DA:50,0
LF:25
LH:14
end_of_record
SF:lib/ui/widgets/video_list_item.dart
DA:8,1
DA:19,1
DA:21,1
DA:23,1
DA:24,1
DA:25,1
DA:26,1
DA:27,1
DA:28,1
DA:29,2
DA:34,1
DA:35,2
DA:39,1
DA:41,1
DA:42,1
DA:43,1
DA:45,3
DA:48,1
DA:50,3
DA:53,1
DA:55,3
DA:60,1
DA:61,1
DA:62,1
DA:63,2
DA:64,2
DA:72,1
DA:80,1
DA:82,1
DA:83,1
DA:84,1
DA:85,1
DA:89,1
DA:90,1
DA:91,3
LF:35
LH:35
end_of_record
SF:lib/utils/formatters/duration_formatter.dart
DA:1,1
DA:2,1
DA:3,2
DA:4,3
LF:4
LH:4
end_of_record
SF:lib/utils/formatters/number_formatter.dart
DA:3,3
DA:5,1
DA:6,2
LF:3
LH:3
end_of_record
